<?xml version="1.0" encoding="UTF-8"?>
<!-- Generated by org.testng.reporters.JUnitXMLReporter -->
<testsuite ignored="1" hostname="INFOLAP3" failures="1" tests="3" name="Test Group Execution" time="5.335" errors="0" timestamp="2024-12-13T14:18:58 IST">
  <testcase classname="Testcases.Group_tests_Xml" name="testSmoke" time="4.563">
    <failure type="java.lang.NullPointerException" message="Cannot invoke &amp;quot;CHEMIASOFT.Chemia.Utilites.Utility.getDataFromProparties(String)&amp;quot; because &amp;quot;this.Myutility&amp;quot; is null">
      <![CDATA[java.lang.NullPointerException: Cannot invoke "CHEMIASOFT.Chemia.Utilites.Utility.getDataFromProparties(String)" because "this.Myutility" is null
at Testcases.Group_tests_Xml.CompaneyName(Group_tests_Xml.java:163)
at Testcases.Group_tests_Xml.testSmoke(Group_tests_Xml.java:111)
at java.base/java.util.ArrayList.forEach(ArrayList.java:1597)
... Removed 25 stack frames]]>
    </failure>
  </testcase> <!-- testSmoke -->
  <testcase classname="Testcases.Group_tests_Xml" name="testSmoke3" time="0.004"/>
  <testcase classname="Testcases.Group_tests_Xml" name="testSanity" time="0.006"/>
  <testcase classname="Testcases.Group_tests_Xml" name="testRegression" time="0.0">
    <ignored/>
  </testcase> <!-- testRegression -->
</testsuite> <!-- Test Group Execution -->
