<?xml version="1.0" encoding="UTF-8"?>
<testng-results ignored="0" total="2" passed="2" failed="0" skipped="0">
  <reporter-output>
  </reporter-output>
  <suite started-at="2025-04-24T15:25:24 IST" name="Default suite" finished-at="2025-04-24T15:25:58 IST" duration-ms="33446">
    <groups>
    </groups>
    <test started-at="2025-04-24T15:25:24 IST" name="Default test" finished-at="2025-04-24T15:25:58 IST" duration-ms="33446">
      <class name="Testcases.TS_Chemia_CRD_01_Embedded_Excel">
        <test-method is-config="true" signature="beforesuite()[pri:0, instance:Testcases.TS_Chemia_CRD_01_Embedded_Excel@4da4253]" started-at="2025-04-24T15:25:14 IST" name="beforesuite" finished-at="2025-04-24T15:25:24 IST" duration-ms="10330" status="PASS">
          <reporter-output>
          </reporter-output>
        </test-method> <!-- beforesuite -->
        <test-method is-config="true" signature="beforetest()[pri:0, instance:Testcases.TS_Chemia_CRD_01_Embedded_Excel@4da4253]" started-at="2025-04-24T15:25:24 IST" name="beforetest" finished-at="2025-04-24T15:25:44 IST" duration-ms="20108" status="PASS">
          <reporter-output>
          </reporter-output>
        </test-method> <!-- beforetest -->
        <test-method is-config="true" signature="beforeMethod()[pri:0, instance:Testcases.TS_Chemia_CRD_01_Embedded_Excel@4da4253]" started-at="2025-04-24T15:25:44 IST" name="beforeMethod" finished-at="2025-04-24T15:25:44 IST" duration-ms="18" status="PASS">
          <reporter-output>
          </reporter-output>
        </test-method> <!-- beforeMethod -->
        <test-method signature="TC_1()[pri:1, instance:Testcases.TS_Chemia_CRD_01_Embedded_Excel@4da4253]" started-at="2025-04-24T15:25:44 IST" name="TC_1" finished-at="2025-04-24T15:25:49 IST" duration-ms="4505" status="PASS">
          <reporter-output>
          </reporter-output>
        </test-method> <!-- TC_1 -->
        <test-method is-config="true" signature="AfterMethod(org.testng.ITestResult)[pri:0, instance:Testcases.TS_Chemia_CRD_01_Embedded_Excel@4da4253]" started-at="2025-04-24T15:25:49 IST" name="AfterMethod" finished-at="2025-04-24T15:25:52 IST" duration-ms="2870" status="PASS">
          <params>
            <param index="0">
              <value>
                <![CDATA[[TestResult name=TC_1 status=SUCCESS method=TS_Chemia_CRD_01_Embedded_Excel.TC_1()[pri:1, instance:Testcases.TS_Chemia_CRD_01_Embedded_Excel@4da4253] output={null}]]]>
              </value>
            </param>
          </params>
          <reporter-output>
          </reporter-output>
        </test-method> <!-- AfterMethod -->
        <test-method is-config="true" signature="beforeMethod()[pri:0, instance:Testcases.TS_Chemia_CRD_01_Embedded_Excel@4da4253]" started-at="2025-04-24T15:25:52 IST" name="beforeMethod" finished-at="2025-04-24T15:25:52 IST" duration-ms="32" status="PASS">
          <reporter-output>
          </reporter-output>
        </test-method> <!-- beforeMethod -->
        <test-method signature="TC_2()[pri:2, instance:Testcases.TS_Chemia_CRD_01_Embedded_Excel@4da4253]" started-at="2025-04-24T15:25:52 IST" name="TC_2" finished-at="2025-04-24T15:25:54 IST" duration-ms="2532" status="PASS">
          <reporter-output>
          </reporter-output>
        </test-method> <!-- TC_2 -->
        <test-method is-config="true" signature="AfterMethod(org.testng.ITestResult)[pri:0, instance:Testcases.TS_Chemia_CRD_01_Embedded_Excel@4da4253]" started-at="2025-04-24T15:25:54 IST" name="AfterMethod" finished-at="2025-04-24T15:25:56 IST" duration-ms="1989" status="PASS">
          <params>
            <param index="0">
              <value>
                <![CDATA[[TestResult name=TC_2 status=SUCCESS method=TS_Chemia_CRD_01_Embedded_Excel.TC_2()[pri:2, instance:Testcases.TS_Chemia_CRD_01_Embedded_Excel@4da4253] output={null}]]]>
              </value>
            </param>
          </params>
          <reporter-output>
          </reporter-output>
        </test-method> <!-- AfterMethod -->
        <test-method is-config="true" signature="afterTest()[pri:0, instance:Testcases.TS_Chemia_CRD_01_Embedded_Excel@4da4253]" started-at="2025-04-24T15:25:56 IST" name="afterTest" finished-at="2025-04-24T15:25:58 IST" duration-ms="1290" status="PASS">
          <reporter-output>
          </reporter-output>
        </test-method> <!-- afterTest -->
      </class> <!-- Testcases.TS_Chemia_CRD_01_Embedded_Excel -->
    </test> <!-- Default test -->
  </suite> <!-- Default suite -->
</testng-results>
